2015-11-18 12:21:41,595 [Worker-3] INFO  o.e.m.c.i.l.LifecycleMappingFactory - Using org.maven.ide.eclipse.wtp.WarLifecycleMapping lifecycle mapping for MavenProject: com.rns.tiffeat.web:tiffeat-web:0.0.1-SNAPSHOT @ C:\TiffEat\tiffinapp\pom.xml.
2015-11-18 12:21:42,034 [Worker-3] WARN  o.e.m.c.i.embedder.EclipseLogger - The artifact org.apache.commons:commons-io:jar:1.3.2 has been relocated to commons-io:commons-io:jar:1.3.2
2015-11-18 12:21:43,100 [Worker-3] WARN  o.e.m.c.i.embedder.EclipseLogger - The artifact org.apache.commons:commons-io:jar:1.3.2 has been relocated to commons-io:commons-io:jar:1.3.2
2015-11-18 12:21:46,269 [Worker-3] INFO  o.e.m.j.i.AbstractJavaProjectConfigurator - Adding source folder /tiffinapp/src/main/java
2015-11-18 12:21:46,270 [Worker-3] INFO  o.e.m.j.i.AbstractJavaProjectConfigurator - Adding source folder /tiffinapp/src/test/java
2015-11-18 12:21:49,678 [Worker-3] WARN  o.e.m.c.i.embedder.EclipseLogger - The artifact org.apache.commons:commons-io:jar:1.3.2 has been relocated to commons-io:commons-io:jar:1.3.2
2015-11-18 12:21:51,602 [Worker-3] INFO  o.e.m.c.i.p.ProjectConfigurationManager - Imported and configured 1 project(s) in 14 sec
2015-11-18 12:21:53,837 [Worker-10] WARN  o.e.m.c.i.embedder.EclipseLogger - The artifact org.apache.commons:commons-io:jar:1.3.2 has been relocated to commons-io:commons-io:jar:1.3.2
2015-11-18 12:21:54,130 [Worker-10] WARN  o.e.m.c.i.embedder.EclipseLogger - Using platform encoding (Cp1252 actually) to copy filtered resources, i.e. build is platform dependent!
2015-11-18 12:21:54,131 [Worker-10] INFO  o.e.m.c.i.embedder.EclipseLogger - skip non existing resourceDirectory C:\TiffEat\tiffinapp\src\main\resources
2015-11-18 12:21:54,135 [Worker-10] WARN  o.e.m.c.i.embedder.EclipseLogger - Using platform encoding (Cp1252 actually) to copy filtered resources, i.e. build is platform dependent!
2015-11-18 12:21:54,136 [Worker-10] INFO  o.e.m.c.i.embedder.EclipseLogger - skip non existing resourceDirectory C:\TiffEat\tiffinapp\src\test\resources
2015-11-18 12:24:46,909 [main] INFO  o.e.m2e.actions.ExecutePomAction - Creating new launch configuration
2015-11-18 12:25:09,117 [Worker-17] INFO  o.e.m.i.launch.MavenLaunchDelegate - C:\TiffEat\tiffinapp
2015-11-18 12:25:09,118 [Worker-17] INFO  o.e.m.i.launch.MavenLaunchDelegate -  mvn  -B -Dmaven.test.skip=true -DskipTests tomcat:run;
2015-11-18 12:25:42,125 [main] INFO  o.e.m2e.actions.ExecutePomAction - Creating new launch configuration
2015-11-18 12:26:18,997 [Worker-17] INFO  o.e.m.i.launch.MavenLaunchDelegate - C:\TiffEat\tiffinapp
2015-11-18 12:26:18,997 [Worker-17] INFO  o.e.m.i.launch.MavenLaunchDelegate -  mvn  -B -Dmaven.test.skip=true -DskipTests tomcat:run
2015-11-18 12:29:48,827 [Worker-18] WARN  o.e.m.c.i.embedder.EclipseLogger - Using platform encoding (Cp1252 actually) to copy filtered resources, i.e. build is platform dependent!
2015-11-18 12:29:48,828 [Worker-18] INFO  o.e.m.c.i.embedder.EclipseLogger - skip non existing resourceDirectory C:\TiffEat\tiffinapp\src\main\resources
2015-11-18 12:29:48,832 [Worker-18] WARN  o.e.m.c.i.embedder.EclipseLogger - Using platform encoding (Cp1252 actually) to copy filtered resources, i.e. build is platform dependent!
2015-11-18 12:29:48,834 [Worker-18] INFO  o.e.m.c.i.embedder.EclipseLogger - skip non existing resourceDirectory C:\TiffEat\tiffinapp\src\test\resources
2015-11-18 12:35:08,716 [Worker-2] WARN  o.e.m.c.i.embedder.EclipseLogger - The artifact org.apache.commons:commons-io:jar:1.3.2 has been relocated to commons-io:commons-io:jar:1.3.2
2015-11-18 12:35:09,507 [Worker-2] WARN  o.e.m.c.i.embedder.EclipseLogger - Using platform encoding (Cp1252 actually) to copy filtered resources, i.e. build is platform dependent!
2015-11-18 12:35:09,508 [Worker-2] INFO  o.e.m.c.i.embedder.EclipseLogger - skip non existing resourceDirectory C:\TiffEat\tiffinapp\src\main\resources
2015-11-18 12:35:09,511 [Worker-2] WARN  o.e.m.c.i.embedder.EclipseLogger - Using platform encoding (Cp1252 actually) to copy filtered resources, i.e. build is platform dependent!
2015-11-18 12:35:09,512 [Worker-2] INFO  o.e.m.c.i.embedder.EclipseLogger - skip non existing resourceDirectory C:\TiffEat\tiffinapp\src\test\resources
2015-11-18 12:35:16,443 [Worker-16] WARN  o.e.m.c.i.embedder.EclipseLogger - Using platform encoding (Cp1252 actually) to copy filtered resources, i.e. build is platform dependent!
2015-11-18 12:35:16,445 [Worker-16] INFO  o.e.m.c.i.embedder.EclipseLogger - skip non existing resourceDirectory C:\TiffEat\tiffinapp\src\main\resources
2015-11-18 12:35:16,448 [Worker-16] WARN  o.e.m.c.i.embedder.EclipseLogger - Using platform encoding (Cp1252 actually) to copy filtered resources, i.e. build is platform dependent!
2015-11-18 12:35:16,449 [Worker-16] INFO  o.e.m.c.i.embedder.EclipseLogger - skip non existing resourceDirectory C:\TiffEat\tiffinapp\src\test\resources
2015-11-18 12:35:24,444 [Worker-12] INFO  o.e.m.i.launch.MavenLaunchDelegate - C:\TiffEat\tiffinapp
2015-11-18 12:35:24,444 [Worker-12] INFO  o.e.m.i.launch.MavenLaunchDelegate -  mvn  -B -Dmaven.test.skip=true -DskipTests tomcat:run;
2015-11-18 12:35:33,746 [Worker-11] INFO  o.e.m.i.launch.MavenLaunchDelegate - C:\TiffEat\tiffinapp
2015-11-18 12:35:33,746 [Worker-11] INFO  o.e.m.i.launch.MavenLaunchDelegate -  mvn  -B -Dmaven.test.skip=true -DskipTests tomcat:run;
2015-11-18 12:35:40,899 [Worker-12] INFO  o.e.m.i.launch.MavenLaunchDelegate - C:\TiffEat\tiffinapp
2015-11-18 12:35:40,900 [Worker-12] INFO  o.e.m.i.launch.MavenLaunchDelegate -  mvn  -B -Dmaven.test.skip=true -DskipTests tomcat:run
2015-11-18 12:42:30,659 [Worker-0] INFO  o.e.m.i.launch.MavenLaunchDelegate - C:\TiffEat\tiffinapp
2015-11-18 12:42:30,661 [Worker-0] INFO  o.e.m.i.launch.MavenLaunchDelegate -  mvn  -B -Dmaven.test.skip=true -DskipTests tomcat:run;
2015-11-18 12:42:46,949 [Worker-18] INFO  o.e.m.i.launch.MavenLaunchDelegate - C:\TiffEat\tiffinapp
2015-11-18 12:42:46,950 [Worker-18] INFO  o.e.m.i.launch.MavenLaunchDelegate -  mvn  -B -Dmaven.test.skip=true -DskipTests tomcat:run;
2015-11-18 12:42:53,429 [Worker-19] INFO  o.e.m.i.launch.MavenLaunchDelegate - C:\TiffEat\tiffinapp
2015-11-18 12:42:53,429 [Worker-19] INFO  o.e.m.i.launch.MavenLaunchDelegate -  mvn  -B -Dmaven.test.skip=true -DskipTests tomcat:run
